<?xml version="1.0" encoding="UTF-8"?>
<testng-results skipped="0" failed="0" ignored="0" total="3" passed="3">
  <reporter-output>
  </reporter-output>
  <suite name="Default suite" duration-ms="10344" started-at="2021-07-03T16:12:41Z" finished-at="2021-07-03T16:12:52Z">
    <groups>
    </groups>
    <test name="Default test" duration-ms="10344" started-at="2021-07-03T16:12:41Z" finished-at="2021-07-03T16:12:52Z">
      <class name="com.jakatalabs.RestassurredAssignment.APITests">
        <test-method status="PASS" signature="signUpAPI()[pri:1, instance:com.jakatalabs.RestassurredAssignment.APITests@45cff11c]" name="signUpAPI" duration-ms="7392" started-at="2021-07-03T16:12:41Z" finished-at="2021-07-03T16:12:49Z">
          <reporter-output>
          </reporter-output>
        </test-method> <!-- signUpAPI -->
        <test-method status="PASS" signature="profileAPI()[pri:2, instance:com.jakatalabs.RestassurredAssignment.APITests@45cff11c]" name="profileAPI" duration-ms="1507" started-at="2021-07-03T16:12:49Z" finished-at="2021-07-03T16:12:50Z">
          <reporter-output>
          </reporter-output>
        </test-method> <!-- profileAPI -->
        <test-method status="PASS" signature="logOutAPI()[pri:3, instance:com.jakatalabs.RestassurredAssignment.APITests@45cff11c]" name="logOutAPI" duration-ms="1377" started-at="2021-07-03T16:12:50Z" finished-at="2021-07-03T16:12:52Z">
          <reporter-output>
          </reporter-output>
        </test-method> <!-- logOutAPI -->
      </class> <!-- com.jakatalabs.RestassurredAssignment.APITests -->
    </test> <!-- Default test -->
  </suite> <!-- Default suite -->
</testng-results>
