<?xml version="1.0" encoding="UTF-8"?>
<testng-results skipped="0" failed="0" ignored="0" total="2" passed="2">
  <reporter-output>
  </reporter-output>
  <suite name="Default suite" duration-ms="7537" started-at="2021-06-30T18:14:52Z" finished-at="2021-06-30T18:14:59Z">
    <groups>
    </groups>
    <test name="Default test" duration-ms="7537" started-at="2021-06-30T18:14:52Z" finished-at="2021-06-30T18:14:59Z">
      <class name="com.jakatalabs.RestassurredAssignment.APITests">
        <test-method status="PASS" signature="signUpAPI()[pri:1, instance:com.jakatalabs.RestassurredAssignment.APITests@45cff11c]" name="signUpAPI" duration-ms="5633" started-at="2021-06-30T18:14:52Z" finished-at="2021-06-30T18:14:57Z">
          <reporter-output>
          </reporter-output>
        </test-method> <!-- signUpAPI -->
        <test-method status="PASS" signature="profileAPI()[pri:2, instance:com.jakatalabs.RestassurredAssignment.APITests@45cff11c]" name="profileAPI" duration-ms="1850" started-at="2021-06-30T18:14:57Z" finished-at="2021-06-30T18:14:59Z">
          <reporter-output>
          </reporter-output>
        </test-method> <!-- profileAPI -->
      </class> <!-- com.jakatalabs.RestassurredAssignment.APITests -->
    </test> <!-- Default test -->
  </suite> <!-- Default suite -->
</testng-results>
